{"timestamp":"2026-03-24T07:19:33.8862114Z","level":"INFO","message":"Opening WinpkFilter driver (NDISAPI)"}
{"timestamp":"2026-03-24T07:19:33.8897073Z","level":"INFO","message":"WinpkFilter driver opened","data":{"version":"6.2.12288"}}
{"timestamp":"2026-03-24T07:19:33.8919511Z","level":"INFO","message":"Skipping virtual adapter","data":{"mac":"f6:26:79:73:6f:7c","name":"Local Area Connection* 10"}}
{"timestamp":"2026-03-24T07:19:33.8931405Z","level":"INFO","message":"Skipping virtual adapter","data":{"mac":"f4:26:79:73:6f:7d","name":"Local Area Connection* 9"}}
{"timestamp":"2026-03-24T07:19:33.8942707Z","level":"INFO","message":"Skipping virtual adapter","data":{"mac":"00:00:00:00:00:00","name":"Gradient"}}
{"timestamp":"2026-03-24T07:19:33.8953814Z","level":"INFO","message":"Tunnel mode activated","data":{"adapter":"Wi-Fi","mac":"f4:26:79:73:6f:7c"}}
{"timestamp":"2026-03-24T07:19:33.8965456Z","level":"INFO","message":"Tunnel mode activated","data":{"adapter":"Ethernet 3","mac":"f8:e4:3b:5a:65:f1"}}
{"timestamp":"2026-03-24T07:19:33.8971468Z","level":"INFO","message":"Skipping virtual adapter","data":{"mac":"00:00:00:00:00:00","name":"Local Area Connection* 8"}}
{"timestamp":"2026-03-24T07:19:33.8983107Z","level":"INFO","message":"Skipping virtual adapter","data":{"mac":"00:00:00:00:00:00","name":"Local Area Connection* 7"}}
{"timestamp":"2026-03-24T07:19:33.8989113Z","level":"INFO","message":"Skipping virtual adapter","data":{"mac":"00:00:00:00:00:00","name":"Local Area Connection* 6"}}
{"timestamp":"2026-03-24T07:19:33.900057Z","level":"INFO","message":"Tunnel mode activated","data":{"adapter":"Ethernet","mac":"58:11:22:86:fd:c4"}}
{"timestamp":"2026-03-24T07:19:33.9011718Z","level":"INFO","message":"Skipping virtual adapter","data":{"mac":"0a:00:27:00:00:0a","name":"Ethernet 2"}}
{"timestamp":"2026-03-24T07:19:33.902291Z","level":"INFO","message":"Monitoring adapters","data":{"count":3}}
{"timestamp":"2026-03-24T07:19:33.9040604Z","level":"INFO","message":"gRPC server created","data":{"address":"127.0.0.1:50051"}}
{"timestamp":"2026-03-24T07:19:33.9213929Z","level":"INFO","message":"DNS cache flushed","data":{"output":"Windows IP Configuration\r\n\r\nSuccessfully flushed the DNS Resolver Cache."}}
{"timestamp":"2026-03-24T07:19:33.9224419Z","level":"INFO","message":"Domain blocklist: waiting for Firewall Engine sync"}
{"timestamp":"2026-03-24T07:19:33.9239443Z","level":"INFO","message":"Loaded DoH server blocklist from file","data":{"count":27,"path":"D:\\SafeOpsFV2\\bin\\safeops-engine\\configs\\doh_servers.txt"}}
{"timestamp":"2026-03-24T07:19:33.9250284Z","level":"INFO","message":"DoH server blocklist loaded","data":{"count":27,"path":"D:\\SafeOpsFV2\\bin\\safeops-engine\\configs\\doh_servers.txt"}}
{"timestamp":"2026-03-24T07:19:33.9256927Z","level":"INFO","message":"Loaded blocked ports from file","data":{"count":16,"path":"D:\\SafeOpsFV2\\bin\\safeops-engine\\configs\\blocked_ports.txt"}}
{"timestamp":"2026-03-24T07:19:33.9266844Z","level":"INFO","message":"VPN port blocklist loaded","data":{"count":16,"path":"D:\\SafeOpsFV2\\bin\\safeops-engine\\configs\\blocked_ports.txt"}}
{"timestamp":"2026-03-24T07:19:33.9277538Z","level":"INFO","message":"Starting gRPC server","data":{"address":"127.0.0.1:50051"}}
{"timestamp":"2026-03-24T07:19:33.9288424Z","level":"INFO","message":"Control API server starting","data":{"address":"127.0.0.1:50052"}}
{"timestamp":"2026-03-24T07:19:33.9753041Z","level":"INFO","message":"Block page CA already in cert store, replacing"}
{"timestamp":"2026-03-24T07:19:34.0496712Z","level":"INFO","message":"Block page CA installed in trusted root store","data":{"cert_path":"D:\\SafeOpsFV2\\bin\\safeops-engine\\safeops-blockpage-ca.crt"}}
{"timestamp":"2026-03-24T07:19:34.0521451Z","level":"INFO","message":"SafeOps Engine initialized","data":{"block_page":"127.0.0.1:80","control_listen":"127.0.0.1:50052","grpc_listen":"127.0.0.1:50051","mode":"fast-slow-path","version":"4.0.0"}}
{"timestamp":"2026-03-24T07:19:34.0521451Z","level":"INFO","message":"Block page server starting (HTTP)","data":{"address":"127.0.0.1:80"}}
{"timestamp":"2026-03-24T07:19:34.0526886Z","level":"INFO","message":"Multi-NIC packet processing started","data":{"adapters":3}}
{"timestamp":"2026-03-24T07:19:34.0526886Z","level":"INFO","message":"Block page server starting (HTTPS)","data":{"address":"127.0.0.1:443"}}
{"timestamp":"2026-03-24T07:19:34.0554544Z","level":"INFO","message":"Waiting for packets on all NICs..."}
{"timestamp":"2026-03-24T07:19:36.4089496Z","level":"INFO","message":"New metadata subscriber","data":{"filters":["tcp","udp"],"subscriber_id":"firewall-engine"}}
{"timestamp":"2026-03-24T07:19:36.4105866Z","level":"INFO","message":"Domain blocked","data":{"domain":"facebook.com"}}
{"timestamp":"2026-03-24T07:19:36.4135625Z","level":"INFO","message":"Domain blocked","data":{"domain":"fbcdn.net"}}
{"timestamp":"2026-03-24T07:19:36.4145979Z","level":"INFO","message":"Domain blocked","data":{"domain":"fb.me"}}
{"timestamp":"2026-03-24T07:19:36.4153312Z","level":"INFO","message":"Domain blocked","data":{"domain":"messenger.com"}}
{"timestamp":"2026-03-24T07:19:36.4163771Z","level":"INFO","message":"Domain blocked","data":{"domain":"twitter.com"}}
{"timestamp":"2026-03-24T07:19:36.4174705Z","level":"INFO","message":"Domain blocked","data":{"domain":"twitter.jp"}}
{"timestamp":"2026-03-24T07:19:36.4185166Z","level":"INFO","message":"Domain blocked","data":{"domain":"fbsbx.com"}}
{"timestamp":"2026-03-24T07:19:36.4195762Z","level":"INFO","message":"Domain blocked","data":{"domain":"fb.com"}}
{"timestamp":"2026-03-24T07:19:36.4202177Z","level":"INFO","message":"Domain blocked","data":{"domain":"fbpigeon.com"}}
{"timestamp":"2026-03-24T07:19:36.4213458Z","level":"INFO","message":"Domain blocked","data":{"domain":"instagram.com"}}
{"timestamp":"2026-03-24T07:19:36.4218855Z","level":"INFO","message":"Domain blocked","data":{"domain":"x.com"}}
{"timestamp":"2026-03-24T07:19:36.4229594Z","level":"INFO","message":"Domain blocked","data":{"domain":"t.co"}}
{"timestamp":"2026-03-24T07:19:36.4240427Z","level":"INFO","message":"Domain blocked","data":{"domain":"twitpic.com"}}
{"timestamp":"2026-03-24T07:19:36.4250899Z","level":"INFO","message":"Domain blocked","data":{"domain":"facebook.net"}}
{"timestamp":"2026-03-24T07:19:36.4261571Z","level":"INFO","message":"Domain blocked","data":{"domain":"fbcdn.com"}}
{"timestamp":"2026-03-24T07:19:36.4272135Z","level":"INFO","message":"Domain blocked","data":{"domain":"twimg.com"}}
{"timestamp":"2026-03-24T07:19:36.427808Z","level":"INFO","message":"Domain blocked","data":{"domain":"tweetdeck.com"}}
{"timestamp":"2026-03-24T07:19:36.4289358Z","level":"INFO","message":"Bulk domain sync via control API","data":{"cleared":0,"synced":17}}
{"timestamp":"2026-03-24T07:20:24.4994615Z","level":"INFO","message":"Metadata subscriber disconnected","data":{"subscriber_id":"firewall-engine"}}
